<?xml version="1.0" encoding="UTF-8"?>
<testsuite xmlns:xsi="http://www.w3.org/2001/XMLSchema-instance" xsi:noNamespaceSchemaLocation="https://maven.apache.org/surefire/maven-surefire-plugin/xsd/surefire-test-report.xsd" name="TelegramBot.BotCommands.WetterVorherSageTest" time="0.072" tests="1" errors="0" skipped="0" failures="0">
  <properties>
    <property name="gopherProxySet" value="false"/>
    <property name="awt.toolkit" value="sun.lwawt.macosx.LWCToolkit"/>
    <property name="java.specification.version" value="9"/>
    <property name="file.encoding.pkg" value="sun.io"/>
    <property name="sun.cpu.isalist" value=""/>
    <property name="sun.jnu.encoding" value="UTF-8"/>
    <property name="java.class.path" value="/Users/joelkarp/eclipseW2/TelegramChatBot/target/test-classes:/Users/joelkarp/eclipseW2/TelegramChatBot/target/classes:/Users/joelkarp/.m2/repository/org/junit/jupiter/junit-jupiter-api/5.0.3/junit-jupiter-api-5.0.3.jar:/Users/joelkarp/.m2/repository/org/apiguardian/apiguardian-api/1.0.0/apiguardian-api-1.0.0.jar:/Users/joelkarp/.m2/repository/org/opentest4j/opentest4j/1.0.0/opentest4j-1.0.0.jar:/Users/joelkarp/.m2/repository/org/junit/platform/junit-platform-commons/1.0.3/junit-platform-commons-1.0.3.jar:/Users/joelkarp/.m2/repository/org/telegram/telegrambots/4.1/telegrambots-4.1.jar:/Users/joelkarp/.m2/repository/org/telegram/telegrambots-meta/4.1/telegrambots-meta-4.1.jar:/Users/joelkarp/.m2/repository/com/google/inject/guice/4.1.0/guice-4.1.0.jar:/Users/joelkarp/.m2/repository/javax/inject/javax.inject/1/javax.inject-1.jar:/Users/joelkarp/.m2/repository/aopalliance/aopalliance/1.0/aopalliance-1.0.jar:/Users/joelkarp/.m2/repository/com/google/guava/guava/19.0/guava-19.0.jar:/Users/joelkarp/.m2/repository/com/fasterxml/jackson/core/jackson-annotations/2.8.0/jackson-annotations-2.8.0.jar:/Users/joelkarp/.m2/repository/com/fasterxml/jackson/jaxrs/jackson-jaxrs-json-provider/2.8.7/jackson-jaxrs-json-provider-2.8.7.jar:/Users/joelkarp/.m2/repository/com/fasterxml/jackson/jaxrs/jackson-jaxrs-base/2.8.7/jackson-jaxrs-base-2.8.7.jar:/Users/joelkarp/.m2/repository/com/fasterxml/jackson/core/jackson-core/2.8.7/jackson-core-2.8.7.jar:/Users/joelkarp/.m2/repository/com/fasterxml/jackson/module/jackson-module-jaxb-annotations/2.8.7/jackson-module-jaxb-annotations-2.8.7.jar:/Users/joelkarp/.m2/repository/com/fasterxml/jackson/core/jackson-databind/2.8.7/jackson-databind-2.8.7.jar:/Users/joelkarp/.m2/repository/org/glassfish/jersey/media/jersey-media-json-jackson/2.25.1/jersey-media-json-jackson-2.25.1.jar:/Users/joelkarp/.m2/repository/org/glassfish/jersey/core/jersey-common/2.25.1/jersey-common-2.25.1.jar:/Users/joelkarp/.m2/repository/org/glassfish/jersey/bundles/repackaged/jersey-guava/2.25.1/jersey-guava-2.25.1.jar:/Users/joelkarp/.m2/repository/org/glassfish/hk2/osgi-resource-locator/1.0.1/osgi-resource-locator-1.0.1.jar:/Users/joelkarp/.m2/repository/org/glassfish/jersey/ext/jersey-entity-filtering/2.25.1/jersey-entity-filtering-2.25.1.jar:/Users/joelkarp/.m2/repository/org/glassfish/jersey/containers/jersey-container-grizzly2-http/2.25.1/jersey-container-grizzly2-http-2.25.1.jar:/Users/joelkarp/.m2/repository/org/glassfish/hk2/external/javax.inject/2.5.0-b32/javax.inject-2.5.0-b32.jar:/Users/joelkarp/.m2/repository/org/glassfish/grizzly/grizzly-http-server/2.3.28/grizzly-http-server-2.3.28.jar:/Users/joelkarp/.m2/repository/org/glassfish/grizzly/grizzly-http/2.3.28/grizzly-http-2.3.28.jar:/Users/joelkarp/.m2/repository/org/glassfish/grizzly/grizzly-framework/2.3.28/grizzly-framework-2.3.28.jar:/Users/joelkarp/.m2/repository/javax/ws/rs/javax.ws.rs-api/2.0.1/javax.ws.rs-api-2.0.1.jar:/Users/joelkarp/.m2/repository/org/glassfish/jersey/core/jersey-server/2.25.1/jersey-server-2.25.1.jar:/Users/joelkarp/.m2/repository/org/glassfish/jersey/core/jersey-client/2.25.1/jersey-client-2.25.1.jar:/Users/joelkarp/.m2/repository/org/glassfish/jersey/media/jersey-media-jaxb/2.25.1/jersey-media-jaxb-2.25.1.jar:/Users/joelkarp/.m2/repository/javax/annotation/javax.annotation-api/1.2/javax.annotation-api-1.2.jar:/Users/joelkarp/.m2/repository/org/glassfish/hk2/hk2-api/2.5.0-b32/hk2-api-2.5.0-b32.jar:/Users/joelkarp/.m2/repository/org/glassfish/hk2/hk2-utils/2.5.0-b32/hk2-utils-2.5.0-b32.jar:/Users/joelkarp/.m2/repository/org/glassfish/hk2/external/aopalliance-repackaged/2.5.0-b32/aopalliance-repackaged-2.5.0-b32.jar:/Users/joelkarp/.m2/repository/org/glassfish/hk2/hk2-locator/2.5.0-b32/hk2-locator-2.5.0-b32.jar:/Users/joelkarp/.m2/repository/org/javassist/javassist/3.20.0-GA/javassist-3.20.0-GA.jar:/Users/joelkarp/.m2/repository/javax/validation/validation-api/1.1.0.Final/validation-api-1.1.0.Final.jar:/Users/joelkarp/.m2/repository/org/json/json/20160810/json-20160810.jar:/Users/joelkarp/.m2/repository/org/apache/httpcomponents/httpclient/4.5.3/httpclient-4.5.3.jar:/Users/joelkarp/.m2/repository/org/apache/httpcomponents/httpcore/4.4.6/httpcore-4.4.6.jar:/Users/joelkarp/.m2/repository/commons-logging/commons-logging/1.2/commons-logging-1.2.jar:/Users/joelkarp/.m2/repository/commons-codec/commons-codec/1.9/commons-codec-1.9.jar:/Users/joelkarp/.m2/repository/org/apache/httpcomponents/httpmime/4.5.3/httpmime-4.5.3.jar:/Users/joelkarp/.m2/repository/commons-io/commons-io/2.5/commons-io-2.5.jar:/Users/joelkarp/.m2/repository/org/jsoup/jsoup/1.8.3/jsoup-1.8.3.jar:"/>
    <property name="java.vm.vendor" value="Oracle Corporation"/>
    <property name="sun.arch.data.model" value="64"/>
    <property name="java.vendor.url" value="http://java.oracle.com/"/>
    <property name="user.timezone" value=""/>
    <property name="java.vm.specification.version" value="9"/>
    <property name="os.name" value="Mac OS X"/>
    <property name="sun.java.launcher" value="SUN_STANDARD"/>
    <property name="user.country" value="DE"/>
    <property name="sun.boot.library.path" value="/Library/Java/JavaVirtualMachines/jdk-9.0.4.jdk/Contents/Home/lib"/>
    <property name="sun.java.command" value="/Users/joelkarp/eclipseW2/TelegramChatBot/target/surefire/surefirebooter10233464978076344848.jar /Users/joelkarp/eclipseW2/TelegramChatBot/target/surefire 2018-09-09T13-43-35_078-jvmRun1 surefire18238004088205922819tmp surefire_018319466095524227391tmp"/>
    <property name="http.nonProxyHosts" value="local|*.local|169.254/16|*.169.254/16"/>
    <property name="jdk.debug" value="release"/>
    <property name="surefire.test.class.path" value="/Users/joelkarp/eclipseW2/TelegramChatBot/target/test-classes:/Users/joelkarp/eclipseW2/TelegramChatBot/target/classes:/Users/joelkarp/.m2/repository/org/junit/jupiter/junit-jupiter-api/5.0.3/junit-jupiter-api-5.0.3.jar:/Users/joelkarp/.m2/repository/org/apiguardian/apiguardian-api/1.0.0/apiguardian-api-1.0.0.jar:/Users/joelkarp/.m2/repository/org/opentest4j/opentest4j/1.0.0/opentest4j-1.0.0.jar:/Users/joelkarp/.m2/repository/org/junit/platform/junit-platform-commons/1.0.3/junit-platform-commons-1.0.3.jar:/Users/joelkarp/.m2/repository/org/telegram/telegrambots/4.1/telegrambots-4.1.jar:/Users/joelkarp/.m2/repository/org/telegram/telegrambots-meta/4.1/telegrambots-meta-4.1.jar:/Users/joelkarp/.m2/repository/com/google/inject/guice/4.1.0/guice-4.1.0.jar:/Users/joelkarp/.m2/repository/javax/inject/javax.inject/1/javax.inject-1.jar:/Users/joelkarp/.m2/repository/aopalliance/aopalliance/1.0/aopalliance-1.0.jar:/Users/joelkarp/.m2/repository/com/google/guava/guava/19.0/guava-19.0.jar:/Users/joelkarp/.m2/repository/com/fasterxml/jackson/core/jackson-annotations/2.8.0/jackson-annotations-2.8.0.jar:/Users/joelkarp/.m2/repository/com/fasterxml/jackson/jaxrs/jackson-jaxrs-json-provider/2.8.7/jackson-jaxrs-json-provider-2.8.7.jar:/Users/joelkarp/.m2/repository/com/fasterxml/jackson/jaxrs/jackson-jaxrs-base/2.8.7/jackson-jaxrs-base-2.8.7.jar:/Users/joelkarp/.m2/repository/com/fasterxml/jackson/core/jackson-core/2.8.7/jackson-core-2.8.7.jar:/Users/joelkarp/.m2/repository/com/fasterxml/jackson/module/jackson-module-jaxb-annotations/2.8.7/jackson-module-jaxb-annotations-2.8.7.jar:/Users/joelkarp/.m2/repository/com/fasterxml/jackson/core/jackson-databind/2.8.7/jackson-databind-2.8.7.jar:/Users/joelkarp/.m2/repository/org/glassfish/jersey/media/jersey-media-json-jackson/2.25.1/jersey-media-json-jackson-2.25.1.jar:/Users/joelkarp/.m2/repository/org/glassfish/jersey/core/jersey-common/2.25.1/jersey-common-2.25.1.jar:/Users/joelkarp/.m2/repository/org/glassfish/jersey/bundles/repackaged/jersey-guava/2.25.1/jersey-guava-2.25.1.jar:/Users/joelkarp/.m2/repository/org/glassfish/hk2/osgi-resource-locator/1.0.1/osgi-resource-locator-1.0.1.jar:/Users/joelkarp/.m2/repository/org/glassfish/jersey/ext/jersey-entity-filtering/2.25.1/jersey-entity-filtering-2.25.1.jar:/Users/joelkarp/.m2/repository/org/glassfish/jersey/containers/jersey-container-grizzly2-http/2.25.1/jersey-container-grizzly2-http-2.25.1.jar:/Users/joelkarp/.m2/repository/org/glassfish/hk2/external/javax.inject/2.5.0-b32/javax.inject-2.5.0-b32.jar:/Users/joelkarp/.m2/repository/org/glassfish/grizzly/grizzly-http-server/2.3.28/grizzly-http-server-2.3.28.jar:/Users/joelkarp/.m2/repository/org/glassfish/grizzly/grizzly-http/2.3.28/grizzly-http-2.3.28.jar:/Users/joelkarp/.m2/repository/org/glassfish/grizzly/grizzly-framework/2.3.28/grizzly-framework-2.3.28.jar:/Users/joelkarp/.m2/repository/javax/ws/rs/javax.ws.rs-api/2.0.1/javax.ws.rs-api-2.0.1.jar:/Users/joelkarp/.m2/repository/org/glassfish/jersey/core/jersey-server/2.25.1/jersey-server-2.25.1.jar:/Users/joelkarp/.m2/repository/org/glassfish/jersey/core/jersey-client/2.25.1/jersey-client-2.25.1.jar:/Users/joelkarp/.m2/repository/org/glassfish/jersey/media/jersey-media-jaxb/2.25.1/jersey-media-jaxb-2.25.1.jar:/Users/joelkarp/.m2/repository/javax/annotation/javax.annotation-api/1.2/javax.annotation-api-1.2.jar:/Users/joelkarp/.m2/repository/org/glassfish/hk2/hk2-api/2.5.0-b32/hk2-api-2.5.0-b32.jar:/Users/joelkarp/.m2/repository/org/glassfish/hk2/hk2-utils/2.5.0-b32/hk2-utils-2.5.0-b32.jar:/Users/joelkarp/.m2/repository/org/glassfish/hk2/external/aopalliance-repackaged/2.5.0-b32/aopalliance-repackaged-2.5.0-b32.jar:/Users/joelkarp/.m2/repository/org/glassfish/hk2/hk2-locator/2.5.0-b32/hk2-locator-2.5.0-b32.jar:/Users/joelkarp/.m2/repository/org/javassist/javassist/3.20.0-GA/javassist-3.20.0-GA.jar:/Users/joelkarp/.m2/repository/javax/validation/validation-api/1.1.0.Final/validation-api-1.1.0.Final.jar:/Users/joelkarp/.m2/repository/org/json/json/20160810/json-20160810.jar:/Users/joelkarp/.m2/repository/org/apache/httpcomponents/httpclient/4.5.3/httpclient-4.5.3.jar:/Users/joelkarp/.m2/repository/org/apache/httpcomponents/httpcore/4.4.6/httpcore-4.4.6.jar:/Users/joelkarp/.m2/repository/commons-logging/commons-logging/1.2/commons-logging-1.2.jar:/Users/joelkarp/.m2/repository/commons-codec/commons-codec/1.9/commons-codec-1.9.jar:/Users/joelkarp/.m2/repository/org/apache/httpcomponents/httpmime/4.5.3/httpmime-4.5.3.jar:/Users/joelkarp/.m2/repository/commons-io/commons-io/2.5/commons-io-2.5.jar:/Users/joelkarp/.m2/repository/org/jsoup/jsoup/1.8.3/jsoup-1.8.3.jar:"/>
    <property name="sun.cpu.endian" value="little"/>
    <property name="user.home" value="/Users/joelkarp"/>
    <property name="user.language" value="de"/>
    <property name="java.specification.vendor" value="Oracle Corporation"/>
    <property name="java.home" value="/Library/Java/JavaVirtualMachines/jdk-9.0.4.jdk/Contents/Home"/>
    <property name="file.separator" value="/"/>
    <property name="basedir" value="/Users/joelkarp/eclipseW2/TelegramChatBot"/>
    <property name="java.vm.compressedOopsMode" value="Zero based"/>
    <property name="line.separator" value="&#10;"/>
    <property name="java.specification.name" value="Java Platform API Specification"/>
    <property name="java.vm.specification.vendor" value="Oracle Corporation"/>
    <property name="java.awt.graphicsenv" value="sun.awt.CGraphicsEnvironment"/>
    <property name="surefire.real.class.path" value="/Users/joelkarp/eclipseW2/TelegramChatBot/target/surefire/surefirebooter10233464978076344848.jar"/>
    <property name="sun.management.compiler" value="HotSpot 64-Bit Tiered Compilers"/>
    <property name="ftp.nonProxyHosts" value="local|*.local|169.254/16|*.169.254/16"/>
    <property name="java.runtime.version" value="9.0.4+11"/>
    <property name="user.name" value="joelkarp"/>
    <property name="path.separator" value=":"/>
    <property name="os.version" value="10.13.6"/>
    <property name="java.runtime.name" value="Java(TM) SE Runtime Environment"/>
    <property name="file.encoding" value="UTF-8"/>
    <property name="java.vm.name" value="Java HotSpot(TM) 64-Bit Server VM"/>
    <property name="localRepository" value="/Users/joelkarp/.m2/repository"/>
    <property name="java.vendor.url.bug" value="http://bugreport.java.com/bugreport/"/>
    <property name="java.io.tmpdir" value="/var/folders/jt/j_fzzwvn1jvc0_mrlk9cfh100000gn/T/"/>
    <property name="java.version" value="9.0.4"/>
    <property name="user.dir" value="/Users/joelkarp/eclipseW2/TelegramChatBot"/>
    <property name="os.arch" value="x86_64"/>
    <property name="java.vm.specification.name" value="Java Virtual Machine Specification"/>
    <property name="java.awt.printerjob" value="sun.lwawt.macosx.CPrinterJob"/>
    <property name="sun.os.patch.level" value="unknown"/>
    <property name="java.library.path" value="/Users/joelkarp/Library/Java/Extensions:/Library/Java/Extensions:/Network/Library/Java/Extensions:/System/Library/Java/Extensions:/usr/lib/java:."/>
    <property name="java.vm.info" value="mixed mode"/>
    <property name="java.vendor" value="Oracle Corporation"/>
    <property name="java.vm.version" value="9.0.4+11"/>
    <property name="sun.io.unicode.encoding" value="UnicodeBig"/>
    <property name="java.class.version" value="53.0"/>
    <property name="socksNonProxyHosts" value="local|*.local|169.254/16|*.169.254/16"/>
  </properties>
  <testcase name="executeTest" classname="TelegramBot.BotCommands.WetterVorherSageTest" time="0.071"/>
</testsuite>